<?xml version="1.0" encoding="UTF-8"?>
<!-- Generated by org.testng.reporters.JUnitReportReporter -->
<testsuite skipped="0" hostname="DESKTOP-9LRRM7S" name="org.run.Runner1" tests="2" failures="0" timestamp="09 Aug 2022 10:57:30 GMT" time="33.871" errors="0">
  <testcase name="writeExcel" time="12.709" classname="org.run.Runner1"/>
  <testcase name="write" time="21.162" classname="org.run.Runner1"/>
</testsuite> <!-- org.run.Runner1 -->
